<?xml version="1.0" encoding="UTF-8"?>
<testng-results skipped="0" failed="1" ignored="0" total="1" passed="0">
  <reporter-output>
  </reporter-output>
  <suite name="Default suite" duration-ms="77258" started-at="2021-02-05T16:12:53 IST" finished-at="2021-02-05T16:14:10 IST">
    <groups>
    </groups>
    <test name="Default test" duration-ms="77258" started-at="2021-02-05T16:12:53 IST" finished-at="2021-02-05T16:14:10 IST">
      <class name="Test.Cbt1">
        <test-method status="PASS" signature="befortest()[pri:0, instance:Test.Cbt1@58c1670b]" name="befortest" is-config="true" duration-ms="8990" started-at="2021-02-05T16:12:53 IST" finished-at="2021-02-05T16:13:02 IST">
          <reporter-output>
          </reporter-output>
        </test-method> <!-- befortest -->
        <test-method status="FAIL" signature="CBTTest()[pri:0, instance:Test.Cbt1@58c1670b]" name="CBTTest" duration-ms="68139" started-at="2021-02-05T16:13:02 IST" finished-at="2021-02-05T16:14:10 IST">
          <exception class="java.io.FileNotFoundException">
            <message>
              <![CDATA[C:\Users\SANDIP SHAW\eclipse-workspace\Crossbrowsertesting\CBTversion1.pdf (The process cannot access the file because it is being used by another process)]]>
            </message>
            <full-stacktrace>
              <![CDATA[java.io.FileNotFoundException: C:\Users\SANDIP SHAW\eclipse-workspace\Crossbrowsertesting\CBTversion1.pdf (The process cannot access the file because it is being used by another process)
at java.io.FileOutputStream.open0(Native Method)
at java.io.FileOutputStream.open(FileOutputStream.java:270)
at java.io.FileOutputStream.<init>(FileOutputStream.java:213)
at java.io.FileOutputStream.<init>(FileOutputStream.java:101)
at baseMethod.PdfWriterTable.writeTable(PdfWriterTable.java:44)
at Test.Cbt1.CBTTest(Cbt1.java:53)
at sun.reflect.NativeMethodAccessorImpl.invoke0(Native Method)
at sun.reflect.NativeMethodAccessorImpl.invoke(NativeMethodAccessorImpl.java:62)
at sun.reflect.DelegatingMethodAccessorImpl.invoke(DelegatingMethodAccessorImpl.java:43)
at java.lang.reflect.Method.invoke(Method.java:498)
at org.testng.internal.MethodInvocationHelper.invokeMethod(MethodInvocationHelper.java:135)
at org.testng.internal.TestInvoker.invokeMethod(TestInvoker.java:598)
at org.testng.internal.TestInvoker.invokeTestMethod(TestInvoker.java:174)
at org.testng.internal.MethodRunner.runInSequence(MethodRunner.java:46)
at org.testng.internal.TestInvoker$MethodInvocationAgent.invoke(TestInvoker.java:821)
at org.testng.internal.TestInvoker.invokeTestMethods(TestInvoker.java:147)
at org.testng.internal.TestMethodWorker.invokeTestMethods(TestMethodWorker.java:146)
at org.testng.internal.TestMethodWorker.run(TestMethodWorker.java:128)
at java.util.ArrayList.forEach(ArrayList.java:1257)
at org.testng.TestRunner.privateRun(TestRunner.java:767)
at org.testng.TestRunner.run(TestRunner.java:588)
at org.testng.SuiteRunner.runTest(SuiteRunner.java:384)
at org.testng.SuiteRunner.runSequentially(SuiteRunner.java:378)
at org.testng.SuiteRunner.privateRun(SuiteRunner.java:337)
at org.testng.SuiteRunner.run(SuiteRunner.java:286)
at org.testng.SuiteRunnerWorker.runSuite(SuiteRunnerWorker.java:53)
at org.testng.SuiteRunnerWorker.run(SuiteRunnerWorker.java:96)
at org.testng.TestNG.runSuitesSequentially(TestNG.java:1214)
at org.testng.TestNG.runSuitesLocally(TestNG.java:1136)
at org.testng.TestNG.runSuites(TestNG.java:1066)
at org.testng.TestNG.run(TestNG.java:1034)
at org.testng.remote.AbstractRemoteTestNG.run(AbstractRemoteTestNG.java:115)
at org.testng.remote.RemoteTestNG.initAndRun(RemoteTestNG.java:251)
at org.testng.remote.RemoteTestNG.main(RemoteTestNG.java:77)
]]>
            </full-stacktrace>
          </exception> <!-- java.io.FileNotFoundException -->
          <reporter-output>
          </reporter-output>
        </test-method> <!-- CBTTest -->
      </class> <!-- Test.Cbt1 -->
    </test> <!-- Default test -->
  </suite> <!-- Default suite -->
</testng-results>
